#
# There is insufficient memory for the Java Runtime Environment to continue.
# Native memory allocation (mmap) failed to map 184549376 bytes for G1 virtual space
# Possible reasons:
#   The system is out of physical RAM or swap space
#   The process is running with CompressedOops enabled, and the Java Heap may be blocking the growth of the native heap
# Possible solutions:
#   Reduce memory load on the system
#   Increase physical memory or swap space
#   Check if swap backing store is full
#   Decrease Java heap size (-Xmx/-Xms)
#   Decrease number of Java threads
#   Decrease Java thread stack sizes (-Xss)
#   Set larger code cache with -XX:ReservedCodeCacheSize=
#   JVM is running with Zero Based Compressed Oops mode in which the Java heap is
#     placed in the first 32GB address space. The Java Heap base address is the
#     maximum limit for the native heap growth. Please use -XX:HeapBaseMinAddress
#     to set the Java Heap base and to place the Java Heap above 32GB virtual address.
# This output file may be truncated or incomplete.
#
#  Out of Memory Error (os_windows.cpp:3548), pid=30964, tid=13824
#
# JRE version:  (17.0.5+8) (build )
# Java VM: OpenJDK 64-Bit Server VM (17.0.5+8, mixed mode, sharing, tiered, compressed oops, compressed class ptrs, g1 gc, windows-amd64)
# No core dump will be written. Minidumps are not enabled by default on client versions of Windows
#

---------------  S U M M A R Y ------------

Command Line: -Dfile.encoding=UTF-8 -XX:+ShowCodeDetailsInExceptionMessages PrimExa

Host: AMD Ryzen 5 2500U with Radeon Vega Mobile Gfx  , 8 cores, 10G,  Windows 10 , 64 bit Build 19041 (10.0.19041.2364)
Time: Wed Feb  8 01:59:15 2023 Central Standard Time (Mexico) elapsed time: 0.021757 seconds (0d 0h 0m 0s)

---------------  T H R E A D  ---------------

Current thread (0x00000217cc01a750):  JavaThread "Unknown thread" [_thread_in_vm, id=13824, stack(0x0000007348400000,0x0000007348500000)]

Stack: [0x0000007348400000,0x0000007348500000]
Native frames: (J=compiled Java code, j=interpreted, Vv=VM code, C=native code)
V  [jvm.dll+0x676b3a]
V  [jvm.dll+0x831444]
V  [jvm.dll+0x832bee]
V  [jvm.dll+0x833253]
V  [jvm.dll+0x244ce5]
V  [jvm.dll+0x673a49]
V  [jvm.dll+0x66811a]
V  [jvm.dll+0x303ceb]
V  [jvm.dll+0x30b1e6]
V  [jvm.dll+0x35adbe]
V  [jvm.dll+0x35afef]
V  [jvm.dll+0x2dab88]
V  [jvm.dll+0x2dbaf4]
V  [jvm.dll+0x803121]
V  [jvm.dll+0x368bb1]
V  [jvm.dll+0x7e265c]
V  [jvm.dll+0x3eb17f]
V  [jvm.dll+0x3eccc1]
C  [jli.dll+0x5267]
C  [ucrtbase.dll+0x21bb2]
C  [KERNEL32.DLL+0x17614]
C  [ntdll.dll+0x526a1]


---------------  P R O C E S S  ---------------

Threads class SMR info:
_java_thread_list=0x00007ffdc9d12f18, length=0, elements={
}

Java Threads: ( => current thread )

Other Threads:
  0x00000217cc06f0a0 GCTaskThread "GC Thread#0" [stack: 0x0000007348500000,0x0000007348600000] [id=31552]
  0x00000217cc07bbe0 ConcurrentGCThread "G1 Main Marker" [stack: 0x0000007348600000,0x0000007348700000] [id=29800]
  0x00000217cc07c500 ConcurrentGCThread "G1 Conc#0" [stack: 0x0000007348700000,0x0000007348800000] [id=23448]

[error occurred during error reporting (printing all threads), id 0xc0000005, EXCEPTION_ACCESS_VIOLATION (0xc0000005) at pc=0x00007ffdc94eb617]

VM state: not at safepoint (not fully initialized)

VM Mutex/Monitor currently owned by a thread:  ([mutex/lock_event])
[0x00000217cc014ff0] Heap_lock - owner thread: 0x00000217cc01a750

Heap address: 0x0000000750c00000, size: 2804 MB, Compressed Oops mode: Zero based, Oop shift amount: 3

CDS archive(s) mapped at: [0x0000000000000000-0x0000000000000000-0x0000000000000000), size 0, SharedBaseAddress: 0x0000000800000000, ArchiveRelocationMode: 0.
Narrow klass base: 0x0000000000000000, Narrow klass shift: 0, Narrow klass range: 0x0

GC Precious Log:
<Empty>

Heap:
 garbage-first heap   total 0K, used 0K [0x0000000750c00000, 0x0000000800000000)
  region size 2048K, 0 young (0K), 0 survivors (0K)

[error occurred during error reporting (printing heap information), id 0xc0000005, EXCEPTION_ACCESS_VIOLATION (0xc0000005) at pc=0x00007ffdc98cfcb9]

GC Heap History (0 events):
No events

Dll operation events (1 events):
Event: 0.013 Loaded shared library C:\Users\majes\.p2\pool\plugins\org.eclipse.justj.openjdk.hotspot.jre.full.win32.x86_64_17.0.5.v20221102-0933\jre\bin\java.dll

Deoptimization events (0 events):
No events

Classes unloaded (0 events):
No events

Classes redefined (0 events):
No events

Internal exceptions (0 events):
No events

VM Operations (0 events):
No events

Events (0 events):
No events


Dynamic libraries:
0x00007ff6f9830000 - 0x00007ff6f983e000 	C:\Users\majes\.p2\pool\plugins\org.eclipse.justj.openjdk.hotspot.jre.full.win32.x86_64_17.0.5.v20221102-0933\jre\bin\javaw.exe
0x00007ffe18990000 - 0x00007ffe18b88000 	C:\WINDOWS\SYSTEM32\ntdll.dll
0x00007ffe184f0000 - 0x00007ffe185af000 	C:\WINDOWS\System32\KERNEL32.DLL
0x00007ffe166f0000 - 0x00007ffe169c2000 	C:\WINDOWS\System32\KERNELBASE.dll
0x00007ffe16380000 - 0x00007ffe16480000 	C:\WINDOWS\System32\ucrtbase.dll
0x00007ffe03be0000 - 0x00007ffe03bf7000 	C:\Users\majes\.p2\pool\plugins\org.eclipse.justj.openjdk.hotspot.jre.full.win32.x86_64_17.0.5.v20221102-0933\jre\bin\jli.dll
0x00007ffe01aa0000 - 0x00007ffe01ab9000 	C:\Users\majes\.p2\pool\plugins\org.eclipse.justj.openjdk.hotspot.jre.full.win32.x86_64_17.0.5.v20221102-0933\jre\bin\VCRUNTIME140.dll
0x00007ffe17330000 - 0x00007ffe174d1000 	C:\WINDOWS\System32\USER32.dll
0x00007ffe165e0000 - 0x00007ffe16602000 	C:\WINDOWS\System32\win32u.dll
0x00007ffe18390000 - 0x00007ffe183bb000 	C:\WINDOWS\System32\GDI32.dll
0x00007ffe005d0000 - 0x00007ffe0086a000 	C:\WINDOWS\WinSxS\amd64_microsoft.windows.common-controls_6595b64144ccf1df_6.0.19041.1110_none_60b5254171f9507e\COMCTL32.dll
0x00007ffe18760000 - 0x00007ffe187fe000 	C:\WINDOWS\System32\msvcrt.dll
0x00007ffe16080000 - 0x00007ffe1618f000 	C:\WINDOWS\System32\gdi32full.dll
0x00007ffe16540000 - 0x00007ffe165dd000 	C:\WINDOWS\System32\msvcp_win.dll
0x00007ffe17be0000 - 0x00007ffe17c12000 	C:\WINDOWS\System32\IMM32.DLL
0x00007ffe0f400000 - 0x00007ffe0f40c000 	C:\Users\majes\.p2\pool\plugins\org.eclipse.justj.openjdk.hotspot.jre.full.win32.x86_64_17.0.5.v20221102-0933\jre\bin\vcruntime140_1.dll
0x00007ffde7660000 - 0x00007ffde76f1000 	C:\Users\majes\.p2\pool\plugins\org.eclipse.justj.openjdk.hotspot.jre.full.win32.x86_64_17.0.5.v20221102-0933\jre\bin\msvcp140.dll
0x00007ffdc9200000 - 0x00007ffdc9e44000 	C:\Users\majes\.p2\pool\plugins\org.eclipse.justj.openjdk.hotspot.jre.full.win32.x86_64_17.0.5.v20221102-0933\jre\bin\server\jvm.dll
0x00007ffe18820000 - 0x00007ffe188ce000 	C:\WINDOWS\System32\ADVAPI32.dll
0x00007ffe169d0000 - 0x00007ffe16a6c000 	C:\WINDOWS\System32\sechost.dll
0x00007ffe183c0000 - 0x00007ffe184e5000 	C:\WINDOWS\System32\RPCRT4.dll
0x00007ffe0e860000 - 0x00007ffe0e869000 	C:\WINDOWS\SYSTEM32\WSOCK32.dll
0x00007ffe17cb0000 - 0x00007ffe17d1b000 	C:\WINDOWS\System32\WS2_32.dll
0x00007ffe0e9c0000 - 0x00007ffe0e9ca000 	C:\WINDOWS\SYSTEM32\VERSION.dll
0x00007ffe0b680000 - 0x00007ffe0b6a7000 	C:\WINDOWS\SYSTEM32\WINMM.dll
0x00007ffe13f40000 - 0x00007ffe13f52000 	C:\WINDOWS\SYSTEM32\kernel.appcore.dll
0x00007ffe10a00000 - 0x00007ffe10a0a000 	C:\Users\majes\.p2\pool\plugins\org.eclipse.justj.openjdk.hotspot.jre.full.win32.x86_64_17.0.5.v20221102-0933\jre\bin\jimage.dll
0x00007ffdfcf80000 - 0x00007ffdfd164000 	C:\WINDOWS\SYSTEM32\DBGHELP.DLL
0x00007ffdfc1d0000 - 0x00007ffdfc205000 	C:\WINDOWS\SYSTEM32\dbgcore.DLL
0x00007ffe16190000 - 0x00007ffe16212000 	C:\WINDOWS\System32\bcryptPrimitives.dll
0x00007ffe0fb70000 - 0x00007ffe0fb95000 	C:\Users\majes\.p2\pool\plugins\org.eclipse.justj.openjdk.hotspot.jre.full.win32.x86_64_17.0.5.v20221102-0933\jre\bin\java.dll

dbghelp: loaded successfully - version: 4.0.5 - missing functions: none
symbol engine: initialized successfully - sym options: 0x614 - pdb path: .;C:\Users\majes\.p2\pool\plugins\org.eclipse.justj.openjdk.hotspot.jre.full.win32.x86_64_17.0.5.v20221102-0933\jre\bin;C:\WINDOWS\SYSTEM32;C:\WINDOWS\WinSxS\amd64_microsoft.windows.common-controls_6595b64144ccf1df_6.0.19041.1110_none_60b5254171f9507e;C:\Users\majes\.p2\pool\plugins\org.eclipse.justj.openjdk.hotspot.jre.full.win32.x86_64_17.0.5.v20221102-0933\jre\bin\server

VM Arguments:
jvm_args: -Dfile.encoding=UTF-8 -XX:+ShowCodeDetailsInExceptionMessages 
java_command: PrimExa
java_class_path (initial): C:\Users\majes\eclipse-workspace\Priexa\bin
Launcher Type: SUN_STANDARD

[Global flags]
     intx CICompilerCount                          = 4                                         {product} {ergonomic}
     uint ConcGCThreads                            = 2                                         {product} {ergonomic}
     uint G1ConcRefinementThreads                  = 8                                         {product} {ergonomic}
   size_t G1HeapRegionSize                         = 2097152                                   {product} {ergonomic}
    uintx GCDrainStackTargetSize                   = 64                                        {product} {ergonomic}
   size_t InitialHeapSize                          = 184549376                                 {product} {ergonomic}
   size_t MarkStackSize                            = 4194304                                   {product} {ergonomic}
   size_t MaxHeapSize                              = 2940207104                                {product} {ergonomic}
   size_t MinHeapDeltaBytes                        = 2097152                                   {product} {ergonomic}
   size_t MinHeapSize                              = 8388608                                   {product} {ergonomic}
    uintx NonNMethodCodeHeapSize                   = 5839372                                {pd product} {ergonomic}
    uintx NonProfiledCodeHeapSize                  = 122909434                              {pd product} {ergonomic}
    uintx ProfiledCodeHeapSize                     = 122909434                              {pd product} {ergonomic}
    uintx ReservedCodeCacheSize                    = 251658240                              {pd product} {ergonomic}
     bool SegmentedCodeCache                       = true                                      {product} {ergonomic}
     bool ShowCodeDetailsInExceptionMessages       = true                                   {manageable} {command line}
   size_t SoftMaxHeapSize                          = 2940207104                             {manageable} {ergonomic}
     bool UseCompressedClassPointers               = true                           {product lp64_product} {ergonomic}
     bool UseCompressedOops                        = true                           {product lp64_product} {ergonomic}
     bool UseG1GC                                  = true                                      {product} {ergonomic}
     bool UseLargePagesIndividualAllocation        = false                                  {pd product} {ergonomic}

Logging:
Log output configuration:
 #0: stdout all=warning uptime,level,tags
 #1: stderr all=off uptime,level,tags

Environment Variables:
PATH=C:/Users/majes/.p2/pool/plugins/org.eclipse.justj.openjdk.hotspot.jre.full.win32.x86_64_17.0.5.v20221102-0933/jre/bin/server;C:/Users/majes/.p2/pool/plugins/org.eclipse.justj.openjdk.hotspot.jre.full.win32.x86_64_17.0.5.v20221102-0933/jre/bin;C:\WINDOWS\system32;C:\WINDOWS;C:\WINDOWS\System32\Wbem;C:\WINDOWS\System32\WindowsPowerShell\v1.0\;C:\WINDOWS\System32\OpenSSH\;C:\Program Files\Intel\WiFi\bin\;C:\Program Files\Common Files\Intel\WirelessCommon\;C:\Program Files\MATLAB\R2020b\runtime\win64;C:\Program Files\MATLAB\R2020b\bin;C:\Program Files\Microsoft SQL Server\120\Tools\Binn\;C:\Users\majes\AppData\Local\Microsoft\WindowsApps;C:\Users\majes\AppData\Local\Programs\MiKTeX 2.9\miktex\bin\x64\;;C:\Users\majes\Desktop;
USERNAME=majes
OS=Windows_NT
PROCESSOR_IDENTIFIER=AMD64 Family 23 Model 17 Stepping 0, AuthenticAMD
TMP=C:\Users\majes\AppData\Local\Temp
TEMP=C:\Users\majes\AppData\Local\Temp



---------------  S Y S T E M  ---------------

OS:
 Windows 10 , 64 bit Build 19041 (10.0.19041.2364)
OS uptime: 22 days 14:13 hours

CPU: total 8 (initial active 8) (8 cores per cpu, 2 threads per core) family 23 model 17 stepping 0 microcode 0x0, cx8, cmov, fxsr, ht, mmx, 3dnowpref, sse, sse2, sse3, ssse3, sse4a, sse4.1, sse4.2, popcnt, lzcnt, tsc, tscinvbit, avx, avx2, aes, clmul, bmi1, bmi2, adx, sha, fma, vzeroupper, clflush, clflushopt

Memory: 4k page, system-wide physical 11213M (923M free)
TotalPageFile size 33798M (AvailPageFile size 46M)
current process WorkingSet (physical memory assigned to process): 10M, peak: 10M
current process commit charge ("private bytes"): 59M, peak: 235M

vm_info: OpenJDK 64-Bit Server VM (17.0.5+8) for windows-amd64 JRE (17.0.5+8), built on Oct 19 2022 04:48:13 by "temurin" with MS VC++ 16.7 (VS2019)

END.
